0 info it worked if it ends with ok
1 verbose cli [ 'D:\\Program Files\\nodejs\\node.exe',
1 verbose cli   'C:\\Users\\xurong\\AppData\\Roaming\\npm\\node_modules\\cnpm\\node_modules\\npm\\bin\\npm-cli.js',
1 verbose cli   '--userconfig=C:\\Users\\xurong\\.cnpmrc',
1 verbose cli   '--disturl=https://npm.taobao.org/mirrors/node',
1 verbose cli   '--registry=https://registry.npm.taobao.org',
1 verbose cli   'run',
1 verbose cli   'docs:dev' ]
2 info using npm@3.10.10
3 info using node@v9.2.0
4 verbose run-script [ 'predocs:dev', 'docs:dev', 'postdocs:dev' ]
5 info lifecycle xurong.github.io.git@1.0.0~predocs:dev: xurong.github.io.git@1.0.0
6 silly lifecycle xurong.github.io.git@1.0.0~predocs:dev: no script for predocs:dev, continuing
7 info lifecycle xurong.github.io.git@1.0.0~docs:dev: xurong.github.io.git@1.0.0
8 verbose lifecycle xurong.github.io.git@1.0.0~docs:dev: unsafe-perm in lifecycle true
9 verbose lifecycle xurong.github.io.git@1.0.0~docs:dev: PATH: C:\Users\xurong\AppData\Roaming\npm\node_modules\cnpm\node_modules\npm\bin\node-gyp-bin;D:\VueWorkSpace\xurong.github.io.git\node_modules\.bin;C:\Program Files\Docker\Docker\Resources\bin;C:\WINDOWS\system32;C:\WINDOWS;C:\WINDOWS\System32\Wbem;C:\WINDOWS\System32\WindowsPowerShell\v1.0\;C:\Program Files\Java\jdk1.8.0_111\bin;C:\Program Files\Java\jdk1.8.0_111\jre\bin;D:\AS\AndroidStudio\gradle\gradle-4.1\bin;D:\AS\AndroidSDK\platform-tools;D:\AS\AndroidSDK\tools;D:\Program Files\nodejs;D:\apache-tomcat-8.5.23\bin;D:\apache-tomcat-8.5.23\lib;D:\apache-maven-3.5.2\bin;D:\Program Files\nodejs\;D:\Program Files\Git\cmd;C:\Users\xurong\AppData\Local\Microsoft\WindowsApps;C:\Users\xurong\AppData\Roaming\npm;%USERPROFILE%\AppData\Local\Microsoft\WindowsApps;
10 verbose lifecycle xurong.github.io.git@1.0.0~docs:dev: CWD: D:\VueWorkSpace\xurong.github.io.git
11 silly lifecycle xurong.github.io.git@1.0.0~docs:dev: Args: [ '/d /s /c', 'vuepress dev docs' ]
12 silly lifecycle xurong.github.io.git@1.0.0~docs:dev: Returned: code: 3221225786  signal: null
13 info lifecycle xurong.github.io.git@1.0.0~docs:dev: Failed to exec docs:dev script
14 verbose stack Error: xurong.github.io.git@1.0.0 docs:dev: `vuepress dev docs`
14 verbose stack Exit status 3221225786
14 verbose stack     at EventEmitter.<anonymous> (C:\Users\xurong\AppData\Roaming\npm\node_modules\cnpm\node_modules\npm\lib\utils\lifecycle.js:255:16)
14 verbose stack     at EventEmitter.emit (events.js:159:13)
14 verbose stack     at ChildProcess.<anonymous> (C:\Users\xurong\AppData\Roaming\npm\node_modules\cnpm\node_modules\npm\lib\utils\spawn.js:40:14)
14 verbose stack     at ChildProcess.emit (events.js:159:13)
14 verbose stack     at maybeClose (internal/child_process.js:943:16)
14 verbose stack     at Process.ChildProcess._handle.onexit (internal/child_process.js:220:5)
15 verbose pkgid xurong.github.io.git@1.0.0
16 verbose cwd D:\VueWorkSpace\xurong.github.io.git\docs
17 error Windows_NT 10.0.16299
18 error argv "D:\\Program Files\\nodejs\\node.exe" "C:\\Users\\xurong\\AppData\\Roaming\\npm\\node_modules\\cnpm\\node_modules\\npm\\bin\\npm-cli.js" "--userconfig=C:\\Users\\xurong\\.cnpmrc" "--disturl=https://npm.taobao.org/mirrors/node" "--registry=https://registry.npm.taobao.org" "run" "docs:dev"
19 error node v9.2.0
20 error npm  v3.10.10
21 error code ELIFECYCLE
22 error xurong.github.io.git@1.0.0 docs:dev: `vuepress dev docs`
22 error Exit status 3221225786
23 error Failed at the xurong.github.io.git@1.0.0 docs:dev script 'vuepress dev docs'.
23 error Make sure you have the latest version of node.js and npm installed.
23 error If you do, this is most likely a problem with the xurong.github.io.git package,
23 error not with npm itself.
23 error Tell the author that this fails on your system:
23 error     vuepress dev docs
23 error You can get information on how to open an issue for this project with:
23 error     npm bugs xurong.github.io.git
23 error Or if that isn't available, you can get their info via:
23 error     npm owner ls xurong.github.io.git
23 error There is likely additional logging output above.
24 verbose exit [ 1, true ]
